# JRE version: OpenJDK Runtime Environment 18.9 (11.0.11+9) (build 11.0.11+9)
# Java VM: OpenJDK 64-Bit Server VM 18.9 (11.0.11+9, mixed mode, tiered, compressed oops, g1 gc, linux-amd64)
Heap:
 garbage-first heap   total 114688K, used 77376K [0x00000000c0000000, 0x0000000100000000)
  region size 1024K, 15 young (15360K), 1 survivors (1024K)
 Metaspace       used 122345K, capacity 133341K, committed 134016K, reserved 1165312K
  class space    used 13798K, capacity 17586K, committed 17792K, reserved 1048576K
GC Heap History (20 events):
Event: 1100.493 GC heap before
{Heap before GC invocations=117 (full 0):
 garbage-first heap   total 114688K, used 78793K [0x00000000c0000000, 0x0000000100000000)
  region size 1024K, 5 young (5120K), 1 survivors (1024K)
 Metaspace       used 121434K, capacity 132402K, committed 133120K, reserved 1165312K
  class space    used 13727K, capacity 17504K, committed 17664K, reserved 1048576K
}
Event: 1100.503 GC heap after
{Heap after GC invocations=118 (full 0):
 garbage-first heap   total 114688K, used 68967K [0x00000000c0000000, 0x0000000100000000)
  region size 1024K, 1 young (1024K), 1 survivors (1024K)
 Metaspace       used 121434K, capacity 132402K, committed 133120K, reserved 1165312K
  class space    used 13727K, capacity 17504K, committed 17664K, reserved 1048576K
}
Event: 1110.304 GC heap before
{Heap before GC invocations=118 (full 0):
 garbage-first heap   total 114688K, used 73063K [0x00000000c0000000, 0x0000000100000000)
  region size 1024K, 5 young (5120K), 1 survivors (1024K)
 Metaspace       used 121434K, capacity 132402K, committed 133120K, reserved 1165312K
  class space    used 13727K, capacity 17504K, committed 17664K, reserved 1048576K
}
Event: 1110.311 GC heap after
{Heap after GC invocations=119 (full 0):
 garbage-first heap   total 114688K, used 65604K [0x00000000c0000000, 0x0000000100000000)
  region size 1024K, 1 young (1024K), 1 survivors (1024K)
 Metaspace       used 121434K, capacity 132402K, committed 133120K, reserved 1165312K
  class space    used 13727K, capacity 17504K, committed 17664K, reserved 1048576K
}
Event: 1124.678 GC heap before
{Heap before GC invocations=119 (full 0):
 garbage-first heap   total 114688K, used 69700K [0x00000000c0000000, 0x0000000100000000)
  region size 1024K, 5 young (5120K), 1 survivors (1024K)
 Metaspace       used 121434K, capacity 132402K, committed 133120K, reserved 1165312K
  class space    used 13727K, capacity 17504K, committed 17664K, reserved 1048576K
}
Event: 1124.680 GC heap after
{Heap after GC invocations=120 (full 0):
 garbage-first heap   total 114688K, used 66298K [0x00000000c0000000, 0x0000000100000000)
  region size 1024K, 1 young (1024K), 1 survivors (1024K)
 Metaspace       used 121434K, capacity 132402K, committed 133120K, reserved 1165312K
  class space    used 13727K, capacity 17504K, committed 17664K, reserved 1048576K
}
Event: 1203.496 GC heap before
{Heap before GC invocations=120 (full 0):
 garbage-first heap   total 114688K, used 92922K [0x00000000c0000000, 0x0000000100000000)
  region size 1024K, 27 young (27648K), 1 survivors (1024K)
 Metaspace       used 121446K, capacity 132402K, committed 133120K, reserved 1165312K
  class space    used 13727K, capacity 17504K, committed 17664K, reserved 1048576K
}
Event: 1203.497 GC heap after
{Heap after GC invocations=121 (full 0):
 garbage-first heap   total 114688K, used 67140K [0x00000000c0000000, 0x0000000100000000)
  region size 1024K, 2 young (2048K), 2 survivors (2048K)
 Metaspace       used 121446K, capacity 132402K, committed 133120K, reserved 1165312K
  class space    used 13727K, capacity 17504K, committed 17664K, reserved 1048576K
}
Event: 1225.313 GC heap before
{Heap before GC invocations=122 (full 0):
 garbage-first heap   total 114688K, used 94788K [0x00000000c0000000, 0x0000000100000000)
  region size 1024K, 29 young (29696K), 2 survivors (2048K)
 Metaspace       used 121502K, capacity 132451K, committed 133120K, reserved 1165312K
  class space    used 13731K, capacity 17501K, committed 17664K, reserved 1048576K
}
Event: 1225.316 GC heap after
{Heap after GC invocations=123 (full 0):
 garbage-first heap   total 114688K, used 66885K [0x00000000c0000000, 0x0000000100000000)
  region size 1024K, 1 young (1024K), 1 survivors (1024K)
 Metaspace       used 121502K, capacity 132451K, committed 133120K, reserved 1165312K
  class space    used 13731K, capacity 17501K, committed 17664K, reserved 1048576K
}
Event: 1231.676 GC heap before
{Heap before GC invocations=123 (full 0):
 garbage-first heap   total 114688K, used 70981K [0x00000000c0000000, 0x0000000100000000)
  region size 1024K, 5 young (5120K), 1 survivors (1024K)
 Metaspace       used 121516K, capacity 132451K, committed 133120K, reserved 1165312K
  class space    used 13731K, capacity 17501K, committed 17664K, reserved 1048576K
}
Event: 1231.680 GC heap after
{Heap after GC invocations=124 (full 0):
 garbage-first heap   total 114688K, used 65059K [0x00000000c0000000, 0x0000000100000000)
  region size 1024K, 1 young (1024K), 1 survivors (1024K)
 Metaspace       used 121516K, capacity 132451K, committed 133120K, reserved 1165312K
  class space    used 13731K, capacity 17501K, committed 17664K, reserved 1048576K
}
Event: 1242.428 GC heap before
{Heap before GC invocations=124 (full 0):
 garbage-first heap   total 114688K, used 95779K [0x00000000c0000000, 0x0000000100000000)
  region size 1024K, 31 young (31744K), 1 survivors (1024K)
 Metaspace       used 121742K, capacity 132684K, committed 133504K, reserved 1165312K
  class space    used 13762K, capacity 17536K, committed 17792K, reserved 1048576K
}
Event: 1242.430 GC heap after
{Heap after GC invocations=125 (full 0):
 garbage-first heap   total 114688K, used 65188K [0x00000000c0000000, 0x0000000100000000)
  region size 1024K, 1 young (1024K), 1 survivors (1024K)
 Metaspace       used 121742K, capacity 132684K, committed 133504K, reserved 1165312K
  class space    used 13762K, capacity 17536K, committed 17792K, reserved 1048576K
}
Event: 1250.131 GC heap before
{Heap before GC invocations=126 (full 0):
 garbage-first heap   total 114688K, used 95908K [0x00000000c0000000, 0x0000000100000000)
  region size 1024K, 32 young (32768K), 1 survivors (1024K)
 Metaspace       used 121840K, capacity 132884K, committed 133504K, reserved 1165312K
  class space    used 13763K, capacity 17537K, committed 17792K, reserved 1048576K
}
Event: 1250.133 GC heap after
{Heap after GC invocations=127 (full 0):
 garbage-first heap   total 114688K, used 66028K [0x00000000c0000000, 0x0000000100000000)
  region size 1024K, 3 young (3072K), 3 survivors (3072K)
 Metaspace       used 121840K, capacity 132884K, committed 133504K, reserved 1165312K
  class space    used 13763K, capacity 17537K, committed 17792K, reserved 1048576K
}
Event: 1251.337 GC heap before
{Heap before GC invocations=127 (full 0):
 garbage-first heap   total 114688K, used 68076K [0x00000000c0000000, 0x0000000100000000)
  region size 1024K, 5 young (5120K), 3 survivors (3072K)
 Metaspace       used 121844K, capacity 132884K, committed 133504K, reserved 1165312K
  class space    used 13763K, capacity 17537K, committed 17792K, reserved 1048576K
}
Event: 1251.343 GC heap after
{Heap after GC invocations=128 (full 0):
 garbage-first heap   total 114688K, used 63764K [0x00000000c0000000, 0x0000000100000000)
  region size 1024K, 1 young (1024K), 1 survivors (1024K)
 Metaspace       used 121844K, capacity 132884K, committed 133504K, reserved 1165312K
  class space    used 13763K, capacity 17537K, committed 17792K, reserved 1048576K
}
Event: 1260.369 GC heap before
{Heap before GC invocations=128 (full 0):
 garbage-first heap   total 114688K, used 95508K [0x00000000c0000000, 0x0000000100000000)
  region size 1024K, 32 young (32768K), 1 survivors (1024K)
 Metaspace       used 122313K, capacity 133341K, committed 134016K, reserved 1165312K
  class space    used 13796K, capacity 17586K, committed 17792K, reserved 1048576K
}
Event: 1260.371 GC heap after
{Heap after GC invocations=129 (full 0):
 garbage-first heap   total 114688K, used 64064K [0x00000000c0000000, 0x0000000100000000)
  region size 1024K, 1 young (1024K), 1 survivors (1024K)
 Metaspace       used 122313K, capacity 133341K, committed 134016K, reserved 1165312K
  class space    used 13796K, capacity 17586K, committed 17792K, reserved 1048576K
}

